c:\users\jesper\dropbox\programmering\corsairrgb\cklua_libcorsairrgb\cklua\debug\vc100.pdb
c:\users\jesper\dropbox\programmering\corsairrgb\cklua_libcorsairrgb\cklua\debug\cklua.mainform.resources
c:\users\jesper\dropbox\programmering\corsairrgb\cklua_libcorsairrgb\cklua\debug\vc120.pdb
c:\users\jesper\dropbox\programmering\corsairrgb\cklua_libcorsairrgb\cklua\debug\main.obj
c:\users\jesper\dropbox\programmering\corsairrgb\cklua_libcorsairrgb\cklua\debug\inputlistener.obj
c:\users\jesper\dropbox\programmering\corsairrgb\cklua_libcorsairrgb\cklua\debug\cklua.obj
c:\users\jesper\dropbox\programmering\corsairrgb\cklua_libcorsairrgb\cklua\debug\mainwindow.obj
c:\users\jesper\dropbox\programmering\corsairrgb\cklua_libcorsairrgb\cklua\debug\mainapp.obj
c:\users\jesper\dropbox\programmering\corsairrgb\cklua_libcorsairrgb\cklua\debug\mainwin.obj
c:\users\jesper\dropbox\programmering\corsairrgb\cklua_libcorsairrgb\debug\cklua.ilk
c:\users\jesper\dropbox\programmering\corsairrgb\cklua_libcorsairrgb\debug\cklua.exe
c:\users\jesper\dropbox\programmering\corsairrgb\cklua_libcorsairrgb\debug\cklua.pdb
c:\users\jesper\dropbox\programmering\corsairrgb\cklua_libcorsairrgb\cklua\debug\cklua.vcxproj.generateresource.cache
c:\users\jesper\dropbox\programmering\corsairrgb\cklua_libcorsairrgb\cklua\debug\cklua.vcxprojresolveassemblyreference.cache
c:\users\jesper\dropbox\programmering\corsairrgb\cklua_libcorsairrgb\cklua\debug\cklua.write.1.tlog
c:\users\jesper\dropbox\programmering\corsairrgb\cklua_libcorsairrgb\cklua\debug\cl.command.1.tlog
c:\users\jesper\dropbox\programmering\corsairrgb\cklua_libcorsairrgb\cklua\debug\cl.read.1.tlog
c:\users\jesper\dropbox\programmering\corsairrgb\cklua_libcorsairrgb\cklua\debug\cl.write.1.tlog
c:\users\jesper\dropbox\programmering\corsairrgb\cklua_libcorsairrgb\cklua\debug\vc120.idb
c:\users\jesper\dropbox\programmering\corsairrgb\cklua_libcorsairrgb\cklua\debug\cklua.tlog\cklua.write.1u.tlog
c:\users\jesper\dropbox\programmering\corsairrgb\cklua_libcorsairrgb\cklua\debug\cklua.tlog\cl.command.1.tlog
c:\users\jesper\dropbox\programmering\corsairrgb\cklua_libcorsairrgb\cklua\debug\cklua.tlog\cl.read.1.tlog
c:\users\jesper\dropbox\programmering\corsairrgb\cklua_libcorsairrgb\cklua\debug\cklua.tlog\cl.write.1.tlog
c:\users\jesper\dropbox\programmering\corsairrgb\cklua_libcorsairrgb\cklua\debug\cklua.tlog\link.command.1.tlog
c:\users\jesper\dropbox\programmering\corsairrgb\cklua_libcorsairrgb\cklua\debug\cklua.tlog\link.read.1.tlog
c:\users\jesper\dropbox\programmering\corsairrgb\cklua_libcorsairrgb\cklua\debug\cklua.tlog\link.write.1.tlog
c:\users\jesper\dropbox\programmering\corsairrgb\cklua_libcorsairrgb\cklua\debug\cklua.tlog\metagen.write.1.tlog
